<?xml version="1.0" encoding="UTF-8"?>
<!-- Generated by org.testng.reporters.JUnitXMLReporter -->
<testsuite hostname="DESKTOP-I9TIAK2" ignored="2" tests="0" failures="0" timestamp="09 Mar 2018 18:35:58 GMT" time="0.001" errors="0">
  <testcase name="TestLoginPass" time="0.0" classname="TestCases.LoginwithDataprovider">
    <ignored/>
  </testcase> <!-- TestLoginPass -->
  <testcase name="TestLoginPass" time="0.0" classname="TestCases.Login">
    <ignored/>
  </testcase> <!-- TestLoginPass -->
</testsuite>
