<?xml version="1.0" encoding="UTF-8"?>
<!-- Generated by org.testng.reporters.JUnitXMLReporter -->
<testsuite hostname="USMECYASMITTAL1" ignored="0" name="IETest" tests="2" failures="0" timestamp="10 Jan 2020 18:41:33 GMT" time="2.692" errors="0">
  <testcase name="@BeforeTest beforeTest" time="0.0" classname="BaseTest.BaseTest">
    <failure type="java.lang.NullPointerException">
      <![CDATA[java.lang.NullPointerException
	at BaseTest.BaseTest.beforeTest(BaseTest.java:48)
... Removed 23 stack frames]]>
    </failure>
  </testcase> <!-- @BeforeTest beforeTest -->
  <testcase name="@AfterTest afterTest" time="0.0" classname="BaseTest.BaseTest">
    <skipped/>
  </testcase> <!-- @AfterTest afterTest -->
  <testcase name="TestLoginPass" time="0.001" classname="TestCases.Login">
    <skipped/>
  </testcase> <!-- TestLoginPass -->
  <testcase name="TestLoginPass" time="0.001" classname="TestCases.Login">
    <skipped/>
  </testcase> <!-- TestLoginPass -->
</testsuite> <!-- IETest -->
