<?xml version="1.0" encoding="UTF-8"?>
<testsuite xmlns:xsi="http://www.w3.org/2001/XMLSchema-instance" xsi:schemaLocation="https://maven.apache.org/surefire/maven-surefire-plugin/xsd/surefire-test-report.xsd" name="BaseTest.BaseTest" time="1.453" tests="3" errors="0" skipped="2" failures="1">
  <properties>
[...]
</properties>
  <testcase name="beforeTest" classname="BaseTest.BaseTest" time="1.157">
    <failure message="&#10;Parameter &apos;browser&apos; is required by BeforeTest on method beforeTest but has not been marked @Optional or defined&#10;" type="org.testng.TestNGException">org.testng.TestNGException: 

Parameter 'browser' is required by BeforeTest on method beforeTest but has not been marked @Optional or defined

</failure>
  </testcase>
  <testcase name="afterTest" classname="BaseTest.BaseTest" time="0">
    <skipped/>
  </testcase>
  <testcase name="afterSuite" classname="BaseTest.BaseTest" time="0">
    <skipped/>
  </testcase>
</testsuite>